[0.014s] Invoking command in '/local/vol00/home/vpetrov/dev/inv_pend_test/klqr_ws/build/klqr_ws': CMAKE_PREFIX_PATH=/home/vpetrov/dev/inv_pend_test/klqr_ws/install/klqr_ws:/opt/ros/foxy:/home/vpetrov/dev/crazyflie_opt/libbebot_test_ws/install/libbebot_test:/home/vpetrov/dev/crazyflie_opt/test_ws/install/my_ros2_package:/opt/intel/oneapi/mkl/2025.0/lib/cmake /usr/bin/cmake --build /local/vol00/home/vpetrov/dev/inv_pend_test/klqr_ws/build/klqr_ws -- -j12 -l12
[0.104s] [35m[1mScanning dependencies of target printing_node[0m
[0.104s] [35m[1mScanning dependencies of target klqr_node[0m
[0.190s] [ 25%] [32mBuilding CXX object CMakeFiles/printing_node.dir/src/printing_node.cpp.o[0m
[0.190s] [ 50%] [32mBuilding CXX object CMakeFiles/klqr_node.dir/src/klqr_node.cpp.o[0m
[0.594s] [ 75%] [32m[1mLinking CXX executable printing_node[0m
[0.594s] [100%] [32m[1mLinking CXX executable klqr_node[0m
[0.822s] [100%] Built target printing_node
[0.831s] [100%] Built target klqr_node
[0.843s] Invoked command in '/local/vol00/home/vpetrov/dev/inv_pend_test/klqr_ws/build/klqr_ws' returned '0': CMAKE_PREFIX_PATH=/home/vpetrov/dev/inv_pend_test/klqr_ws/install/klqr_ws:/opt/ros/foxy:/home/vpetrov/dev/crazyflie_opt/libbebot_test_ws/install/libbebot_test:/home/vpetrov/dev/crazyflie_opt/test_ws/install/my_ros2_package:/opt/intel/oneapi/mkl/2025.0/lib/cmake /usr/bin/cmake --build /local/vol00/home/vpetrov/dev/inv_pend_test/klqr_ws/build/klqr_ws -- -j12 -l12
[0.877s] Invoking command in '/local/vol00/home/vpetrov/dev/inv_pend_test/klqr_ws/build/klqr_ws': CMAKE_PREFIX_PATH=/home/vpetrov/dev/inv_pend_test/klqr_ws/install/klqr_ws:/opt/ros/foxy:/home/vpetrov/dev/crazyflie_opt/libbebot_test_ws/install/libbebot_test:/home/vpetrov/dev/crazyflie_opt/test_ws/install/my_ros2_package:/opt/intel/oneapi/mkl/2025.0/lib/cmake /usr/bin/cmake --install /local/vol00/home/vpetrov/dev/inv_pend_test/klqr_ws/build/klqr_ws
[0.900s] -- Install configuration: ""
[0.914s] -- Installing: /local/vol00/home/vpetrov/dev/inv_pend_test/klqr_ws/install/klqr_ws/lib/klqr_ws/klqr_node
[0.923s] -- Set runtime path of "/local/vol00/home/vpetrov/dev/inv_pend_test/klqr_ws/install/klqr_ws/lib/klqr_ws/klqr_node" to ""
[0.926s] -- Installing: /local/vol00/home/vpetrov/dev/inv_pend_test/klqr_ws/install/klqr_ws/lib/klqr_ws/printing_node
[0.935s] -- Set runtime path of "/local/vol00/home/vpetrov/dev/inv_pend_test/klqr_ws/install/klqr_ws/lib/klqr_ws/printing_node" to ""
[0.936s] -- Up-to-date: /local/vol00/home/vpetrov/dev/inv_pend_test/klqr_ws/install/klqr_ws/share/ament_index/resource_index/package_run_dependencies/klqr_ws
[0.936s] -- Up-to-date: /local/vol00/home/vpetrov/dev/inv_pend_test/klqr_ws/install/klqr_ws/share/ament_index/resource_index/parent_prefix_path/klqr_ws
[0.937s] -- Up-to-date: /local/vol00/home/vpetrov/dev/inv_pend_test/klqr_ws/install/klqr_ws/share/klqr_ws/environment/ament_prefix_path.sh
[0.937s] -- Up-to-date: /local/vol00/home/vpetrov/dev/inv_pend_test/klqr_ws/install/klqr_ws/share/klqr_ws/environment/ament_prefix_path.dsv
[0.937s] -- Up-to-date: /local/vol00/home/vpetrov/dev/inv_pend_test/klqr_ws/install/klqr_ws/share/klqr_ws/environment/path.sh
[0.938s] -- Up-to-date: /local/vol00/home/vpetrov/dev/inv_pend_test/klqr_ws/install/klqr_ws/share/klqr_ws/environment/path.dsv
[0.938s] -- Up-to-date: /local/vol00/home/vpetrov/dev/inv_pend_test/klqr_ws/install/klqr_ws/share/klqr_ws/local_setup.bash
[0.939s] -- Up-to-date: /local/vol00/home/vpetrov/dev/inv_pend_test/klqr_ws/install/klqr_ws/share/klqr_ws/local_setup.sh
[0.940s] -- Up-to-date: /local/vol00/home/vpetrov/dev/inv_pend_test/klqr_ws/install/klqr_ws/share/klqr_ws/local_setup.zsh
[0.940s] -- Up-to-date: /local/vol00/home/vpetrov/dev/inv_pend_test/klqr_ws/install/klqr_ws/share/klqr_ws/local_setup.dsv
[0.940s] -- Installing: /local/vol00/home/vpetrov/dev/inv_pend_test/klqr_ws/install/klqr_ws/share/klqr_ws/package.dsv
[0.941s] -- Up-to-date: /local/vol00/home/vpetrov/dev/inv_pend_test/klqr_ws/install/klqr_ws/share/ament_index/resource_index/packages/klqr_ws
[0.941s] -- Up-to-date: /local/vol00/home/vpetrov/dev/inv_pend_test/klqr_ws/install/klqr_ws/share/klqr_ws/cmake/klqr_wsConfig.cmake
[0.941s] -- Up-to-date: /local/vol00/home/vpetrov/dev/inv_pend_test/klqr_ws/install/klqr_ws/share/klqr_ws/cmake/klqr_wsConfig-version.cmake
[0.941s] -- Up-to-date: /local/vol00/home/vpetrov/dev/inv_pend_test/klqr_ws/install/klqr_ws/share/klqr_ws/package.xml
[0.946s] Invoked command in '/local/vol00/home/vpetrov/dev/inv_pend_test/klqr_ws/build/klqr_ws' returned '0': CMAKE_PREFIX_PATH=/home/vpetrov/dev/inv_pend_test/klqr_ws/install/klqr_ws:/opt/ros/foxy:/home/vpetrov/dev/crazyflie_opt/libbebot_test_ws/install/libbebot_test:/home/vpetrov/dev/crazyflie_opt/test_ws/install/my_ros2_package:/opt/intel/oneapi/mkl/2025.0/lib/cmake /usr/bin/cmake --install /local/vol00/home/vpetrov/dev/inv_pend_test/klqr_ws/build/klqr_ws
