-- The C compiler identification is GNU 9.4.0
-- The CXX compiler identification is GNU 9.4.0
-- Check for working C compiler: /usr/lib/ccache/cc
-- Check for working C compiler: /usr/lib/ccache/cc -- works
-- Detecting C compiler ABI info
-- Detecting C compiler ABI info - done
-- Detecting C compile features
-- Detecting C compile features - done
-- Check for working CXX compiler: /usr/lib/ccache/c++
-- Check for working CXX compiler: /usr/lib/ccache/c++ -- works
-- Detecting CXX compiler ABI info
-- Detecting CXX compiler ABI info - done
-- Detecting CXX compile features
-- Detecting CXX compile features - done
-- Found ament_cmake: 0.9.12 (/opt/ros/foxy/share/ament_cmake/cmake)
-- Found PythonInterp: /usr/bin/python3 (found suitable version "3.8.10", minimum required is "3") 
-- Using PYTHON_EXECUTABLE: /usr/bin/python3
-- Found rclcpp: 2.4.3 (/opt/ros/foxy/share/rclcpp/cmake)
-- Using all available rosidl_typesupport_c: rosidl_typesupport_fastrtps_c;rosidl_typesupport_introspection_c
-- Found rosidl_adapter: 1.3.1 (/opt/ros/foxy/share/rosidl_adapter/cmake)
-- Found OpenSSL: /usr/lib/x86_64-linux-gnu/libcrypto.so (found version "1.1.1f")  
-- Found FastRTPS: /opt/ros/foxy/include  
-- Using all available rosidl_typesupport_cpp: rosidl_typesupport_fastrtps_cpp;rosidl_typesupport_introspection_cpp
-- Found rmw_implementation_cmake: 1.0.4 (/opt/ros/foxy/share/rmw_implementation_cmake/cmake)
-- Using RMW implementation 'rmw_fastrtps_cpp' as default
-- Looking for pthread.h
-- Looking for pthread.h - found
-- Performing Test CMAKE_HAVE_LIBC_PTHREAD
-- Performing Test CMAKE_HAVE_LIBC_PTHREAD - Failed
-- Looking for pthread_create in pthreads
-- Looking for pthread_create in pthreads - not found
-- Looking for pthread_create in pthread
-- Looking for pthread_create in pthread - found
-- Found Threads: TRUE  
-- Configuring done
-- Generating done
-- Build files have been written to: /local/vol00/home/vpetrov/dev/inv_pend_test/klqr_ws/build/klqr_ws
[35m[1mScanning dependencies of target klqr_node[0m
[35m[1mScanning dependencies of target printing_node[0m
[ 50%] [32mBuilding CXX object CMakeFiles/klqr_node.dir/src/klqr_node.cpp.o[0m
[ 50%] [32mBuilding CXX object CMakeFiles/printing_node.dir/src/printing_node.cpp.o[0m
[ 75%] [32m[1mLinking CXX executable klqr_node[0m
[ 75%] Built target klqr_node
[100%] [32m[1mLinking CXX executable printing_node[0m
[100%] Built target printing_node
-- Install configuration: ""
-- Installing: /local/vol00/home/vpetrov/dev/inv_pend_test/klqr_ws/install/klqr_ws/lib/klqr_ws/klqr_node
-- Set runtime path of "/local/vol00/home/vpetrov/dev/inv_pend_test/klqr_ws/install/klqr_ws/lib/klqr_ws/klqr_node" to ""
-- Installing: /local/vol00/home/vpetrov/dev/inv_pend_test/klqr_ws/install/klqr_ws/lib/klqr_ws/printing_node
-- Set runtime path of "/local/vol00/home/vpetrov/dev/inv_pend_test/klqr_ws/install/klqr_ws/lib/klqr_ws/printing_node" to ""
-- Installing: /local/vol00/home/vpetrov/dev/inv_pend_test/klqr_ws/install/klqr_ws/share/ament_index/resource_index/package_run_dependencies/klqr_ws
-- Installing: /local/vol00/home/vpetrov/dev/inv_pend_test/klqr_ws/install/klqr_ws/share/ament_index/resource_index/parent_prefix_path/klqr_ws
-- Installing: /local/vol00/home/vpetrov/dev/inv_pend_test/klqr_ws/install/klqr_ws/share/klqr_ws/environment/ament_prefix_path.sh
-- Installing: /local/vol00/home/vpetrov/dev/inv_pend_test/klqr_ws/install/klqr_ws/share/klqr_ws/environment/ament_prefix_path.dsv
-- Installing: /local/vol00/home/vpetrov/dev/inv_pend_test/klqr_ws/install/klqr_ws/share/klqr_ws/environment/path.sh
-- Installing: /local/vol00/home/vpetrov/dev/inv_pend_test/klqr_ws/install/klqr_ws/share/klqr_ws/environment/path.dsv
-- Installing: /local/vol00/home/vpetrov/dev/inv_pend_test/klqr_ws/install/klqr_ws/share/klqr_ws/local_setup.bash
-- Installing: /local/vol00/home/vpetrov/dev/inv_pend_test/klqr_ws/install/klqr_ws/share/klqr_ws/local_setup.sh
-- Installing: /local/vol00/home/vpetrov/dev/inv_pend_test/klqr_ws/install/klqr_ws/share/klqr_ws/local_setup.zsh
-- Installing: /local/vol00/home/vpetrov/dev/inv_pend_test/klqr_ws/install/klqr_ws/share/klqr_ws/local_setup.dsv
-- Installing: /local/vol00/home/vpetrov/dev/inv_pend_test/klqr_ws/install/klqr_ws/share/klqr_ws/package.dsv
-- Installing: /local/vol00/home/vpetrov/dev/inv_pend_test/klqr_ws/install/klqr_ws/share/ament_index/resource_index/packages/klqr_ws
-- Installing: /local/vol00/home/vpetrov/dev/inv_pend_test/klqr_ws/install/klqr_ws/share/klqr_ws/cmake/klqr_wsConfig.cmake
-- Installing: /local/vol00/home/vpetrov/dev/inv_pend_test/klqr_ws/install/klqr_ws/share/klqr_ws/cmake/klqr_wsConfig-version.cmake
-- Installing: /local/vol00/home/vpetrov/dev/inv_pend_test/klqr_ws/install/klqr_ws/share/klqr_ws/package.xml
