[0.012s] Invoking command in '/local/vol00/home/vpetrov/dev/inv_pend_test/klqr_ws/build/klqr_ws': CMAKE_PREFIX_PATH=/home/vpetrov/dev/inv_pend_test/klqr_ws/install/klqr_ws:/opt/ros/foxy:/home/vpetrov/dev/crazyflie_opt/libbebot_test_ws/install/libbebot_test:/home/vpetrov/dev/crazyflie_opt/test_ws/install/my_ros2_package:/opt/intel/oneapi/mkl/2024.2/lib/cmake: /usr/bin/cmake /local/vol00/home/vpetrov/dev/inv_pend_test/klqr_ws -DCMAKE_INSTALL_PREFIX=/local/vol00/home/vpetrov/dev/inv_pend_test/klqr_ws/install/klqr_ws
[0.060s] -- The C compiler identification is GNU 9.4.0
[0.109s] -- The CXX compiler identification is GNU 9.4.0
[0.113s] -- Check for working C compiler: /usr/lib/ccache/cc
[0.161s] -- Check for working C compiler: /usr/lib/ccache/cc -- works
[0.163s] -- Detecting C compiler ABI info
[0.212s] -- Detecting C compiler ABI info - done
[0.223s] -- Detecting C compile features
[0.223s] -- Detecting C compile features - done
[0.225s] -- Check for working CXX compiler: /usr/lib/ccache/c++
[0.282s] -- Check for working CXX compiler: /usr/lib/ccache/c++ -- works
[0.283s] -- Detecting CXX compiler ABI info
[0.339s] -- Detecting CXX compiler ABI info - done
[0.349s] -- Detecting CXX compile features
[0.350s] -- Detecting CXX compile features - done
[0.351s] -- Found ament_cmake: 0.9.12 (/opt/ros/foxy/share/ament_cmake/cmake)
[0.372s] -- Found PythonInterp: /usr/bin/python3 (found suitable version "3.8.10", minimum required is "3") 
[0.372s] -- Using PYTHON_EXECUTABLE: /usr/bin/python3
[0.590s] -- Found rclcpp: 2.4.3 (/opt/ros/foxy/share/rclcpp/cmake)
[0.626s] -- Using all available rosidl_typesupport_c: rosidl_typesupport_fastrtps_c;rosidl_typesupport_introspection_c
[0.631s] -- Found rosidl_adapter: 1.3.1 (/opt/ros/foxy/share/rosidl_adapter/cmake)
[0.713s] -- Found OpenSSL: /usr/lib/x86_64-linux-gnu/libcrypto.so (found version "1.1.1f")  
[0.733s] -- Found FastRTPS: /opt/ros/foxy/include  
[0.794s] -- Using all available rosidl_typesupport_cpp: rosidl_typesupport_fastrtps_cpp;rosidl_typesupport_introspection_cpp
[0.840s] -- Found rmw_implementation_cmake: 1.0.4 (/opt/ros/foxy/share/rmw_implementation_cmake/cmake)
[0.841s] -- Using RMW implementation 'rmw_fastrtps_cpp' as default
[0.842s] -- Looking for pthread.h
[0.889s] -- Looking for pthread.h - found
[0.890s] -- Performing Test CMAKE_HAVE_LIBC_PTHREAD
[0.940s] -- Performing Test CMAKE_HAVE_LIBC_PTHREAD - Failed
[0.940s] -- Looking for pthread_create in pthreads
[0.980s] -- Looking for pthread_create in pthreads - not found
[0.980s] -- Looking for pthread_create in pthread
[1.037s] -- Looking for pthread_create in pthread - found
[1.038s] -- Found Threads: TRUE  
[1.227s] -- Configuring done
[1.236s] -- Generating done
[1.238s] -- Build files have been written to: /local/vol00/home/vpetrov/dev/inv_pend_test/klqr_ws/build/klqr_ws
[1.242s] Invoked command in '/local/vol00/home/vpetrov/dev/inv_pend_test/klqr_ws/build/klqr_ws' returned '0': CMAKE_PREFIX_PATH=/home/vpetrov/dev/inv_pend_test/klqr_ws/install/klqr_ws:/opt/ros/foxy:/home/vpetrov/dev/crazyflie_opt/libbebot_test_ws/install/libbebot_test:/home/vpetrov/dev/crazyflie_opt/test_ws/install/my_ros2_package:/opt/intel/oneapi/mkl/2024.2/lib/cmake: /usr/bin/cmake /local/vol00/home/vpetrov/dev/inv_pend_test/klqr_ws -DCMAKE_INSTALL_PREFIX=/local/vol00/home/vpetrov/dev/inv_pend_test/klqr_ws/install/klqr_ws
[1.244s] Invoking command in '/local/vol00/home/vpetrov/dev/inv_pend_test/klqr_ws/build/klqr_ws': CMAKE_PREFIX_PATH=/home/vpetrov/dev/inv_pend_test/klqr_ws/install/klqr_ws:/opt/ros/foxy:/home/vpetrov/dev/crazyflie_opt/libbebot_test_ws/install/libbebot_test:/home/vpetrov/dev/crazyflie_opt/test_ws/install/my_ros2_package:/opt/intel/oneapi/mkl/2024.2/lib/cmake: /usr/bin/cmake --build /local/vol00/home/vpetrov/dev/inv_pend_test/klqr_ws/build/klqr_ws -- -j12 -l12
[1.281s] [35m[1mScanning dependencies of target klqr_node[0m
[1.281s] [35m[1mScanning dependencies of target printing_node[0m
[1.314s] [ 50%] [32mBuilding CXX object CMakeFiles/klqr_node.dir/src/klqr_node.cpp.o[0m
[1.314s] [ 50%] [32mBuilding CXX object CMakeFiles/printing_node.dir/src/printing_node.cpp.o[0m
[1.337s] [ 75%] [32m[1mLinking CXX executable klqr_node[0m
[1.533s] [ 75%] Built target klqr_node
[4.895s] [100%] [32m[1mLinking CXX executable printing_node[0m
[5.082s] [100%] Built target printing_node
[5.113s] Invoked command in '/local/vol00/home/vpetrov/dev/inv_pend_test/klqr_ws/build/klqr_ws' returned '0': CMAKE_PREFIX_PATH=/home/vpetrov/dev/inv_pend_test/klqr_ws/install/klqr_ws:/opt/ros/foxy:/home/vpetrov/dev/crazyflie_opt/libbebot_test_ws/install/libbebot_test:/home/vpetrov/dev/crazyflie_opt/test_ws/install/my_ros2_package:/opt/intel/oneapi/mkl/2024.2/lib/cmake: /usr/bin/cmake --build /local/vol00/home/vpetrov/dev/inv_pend_test/klqr_ws/build/klqr_ws -- -j12 -l12
[5.151s] Invoking command in '/local/vol00/home/vpetrov/dev/inv_pend_test/klqr_ws/build/klqr_ws': CMAKE_PREFIX_PATH=/home/vpetrov/dev/inv_pend_test/klqr_ws/install/klqr_ws:/opt/ros/foxy:/home/vpetrov/dev/crazyflie_opt/libbebot_test_ws/install/libbebot_test:/home/vpetrov/dev/crazyflie_opt/test_ws/install/my_ros2_package:/opt/intel/oneapi/mkl/2024.2/lib/cmake: /usr/bin/cmake --install /local/vol00/home/vpetrov/dev/inv_pend_test/klqr_ws/build/klqr_ws
[5.158s] -- Install configuration: ""
[5.159s] -- Installing: /local/vol00/home/vpetrov/dev/inv_pend_test/klqr_ws/install/klqr_ws/lib/klqr_ws/klqr_node
[5.161s] -- Set runtime path of "/local/vol00/home/vpetrov/dev/inv_pend_test/klqr_ws/install/klqr_ws/lib/klqr_ws/klqr_node" to ""
[5.161s] -- Installing: /local/vol00/home/vpetrov/dev/inv_pend_test/klqr_ws/install/klqr_ws/lib/klqr_ws/printing_node
[5.163s] -- Set runtime path of "/local/vol00/home/vpetrov/dev/inv_pend_test/klqr_ws/install/klqr_ws/lib/klqr_ws/printing_node" to ""
[5.163s] -- Installing: /local/vol00/home/vpetrov/dev/inv_pend_test/klqr_ws/install/klqr_ws/share/ament_index/resource_index/package_run_dependencies/klqr_ws
[5.163s] -- Installing: /local/vol00/home/vpetrov/dev/inv_pend_test/klqr_ws/install/klqr_ws/share/ament_index/resource_index/parent_prefix_path/klqr_ws
[5.163s] -- Installing: /local/vol00/home/vpetrov/dev/inv_pend_test/klqr_ws/install/klqr_ws/share/klqr_ws/environment/ament_prefix_path.sh
[5.163s] -- Installing: /local/vol00/home/vpetrov/dev/inv_pend_test/klqr_ws/install/klqr_ws/share/klqr_ws/environment/ament_prefix_path.dsv
[5.163s] -- Installing: /local/vol00/home/vpetrov/dev/inv_pend_test/klqr_ws/install/klqr_ws/share/klqr_ws/environment/path.sh
[5.163s] -- Installing: /local/vol00/home/vpetrov/dev/inv_pend_test/klqr_ws/install/klqr_ws/share/klqr_ws/environment/path.dsv
[5.164s] -- Installing: /local/vol00/home/vpetrov/dev/inv_pend_test/klqr_ws/install/klqr_ws/share/klqr_ws/local_setup.bash
[5.164s] -- Installing: /local/vol00/home/vpetrov/dev/inv_pend_test/klqr_ws/install/klqr_ws/share/klqr_ws/local_setup.sh
[5.164s] -- Installing: /local/vol00/home/vpetrov/dev/inv_pend_test/klqr_ws/install/klqr_ws/share/klqr_ws/local_setup.zsh
[5.164s] -- Installing: /local/vol00/home/vpetrov/dev/inv_pend_test/klqr_ws/install/klqr_ws/share/klqr_ws/local_setup.dsv
[5.164s] -- Installing: /local/vol00/home/vpetrov/dev/inv_pend_test/klqr_ws/install/klqr_ws/share/klqr_ws/package.dsv
[5.164s] -- Installing: /local/vol00/home/vpetrov/dev/inv_pend_test/klqr_ws/install/klqr_ws/share/ament_index/resource_index/packages/klqr_ws
[5.165s] -- Installing: /local/vol00/home/vpetrov/dev/inv_pend_test/klqr_ws/install/klqr_ws/share/klqr_ws/cmake/klqr_wsConfig.cmake
[5.165s] -- Installing: /local/vol00/home/vpetrov/dev/inv_pend_test/klqr_ws/install/klqr_ws/share/klqr_ws/cmake/klqr_wsConfig-version.cmake
[5.165s] -- Installing: /local/vol00/home/vpetrov/dev/inv_pend_test/klqr_ws/install/klqr_ws/share/klqr_ws/package.xml
[5.167s] Invoked command in '/local/vol00/home/vpetrov/dev/inv_pend_test/klqr_ws/build/klqr_ws' returned '0': CMAKE_PREFIX_PATH=/home/vpetrov/dev/inv_pend_test/klqr_ws/install/klqr_ws:/opt/ros/foxy:/home/vpetrov/dev/crazyflie_opt/libbebot_test_ws/install/libbebot_test:/home/vpetrov/dev/crazyflie_opt/test_ws/install/my_ros2_package:/opt/intel/oneapi/mkl/2024.2/lib/cmake: /usr/bin/cmake --install /local/vol00/home/vpetrov/dev/inv_pend_test/klqr_ws/build/klqr_ws
